The target system is: Generic -  - arm
The host system is: Linux - 6.12.76-linuxkit - aarch64
Compiling the C compiler identification source file "CMakeCCompilerId.c" succeeded.
Compiler: /opt/arm-toolchain/gcc/bin/arm-none-eabi-gcc 
Build flags: ;-mcpu=cortex-m4;-mfpu=fpv4-sp-d16;-mfloat-abi=hard;;-Wall;-fdata-sections;-ffunction-sections;-mcpu=cortex-m4;-mfpu=fpv4-sp-d16;-mfloat-abi=hard;;-Wall;-fdata-sections;-ffunction-sections
Id flags: -c 

The output was:
0


Compilation of the C compiler identification source "CMakeCCompilerId.c" produced "CMakeCCompilerId.o"

The C compiler identification is GNU, found in "/RTOSP1/build/Target/application/Debug/CMakeFiles/3.22.1/CompilerIdC/CMakeCCompilerId.o"

Compiling the CXX compiler identification source file "CMakeCXXCompilerId.cpp" succeeded.
Compiler: /opt/arm-toolchain/gcc/bin/arm-none-eabi-g++ 
Build flags: ;-mcpu=cortex-m4;-mfpu=fpv4-sp-d16;-mfloat-abi=hard;;-Wall;-fdata-sections;-ffunction-sections;-mcpu=cortex-m4;-mfpu=fpv4-sp-d16;-mfloat-abi=hard;;-Wall;-fdata-sections;-ffunction-sections;-fno-rtti;-fno-exceptions;-fno-threadsafe-statics
Id flags: -c 

The output was:
0


Compilation of the CXX compiler identification source "CMakeCXXCompilerId.cpp" produced "CMakeCXXCompilerId.o"

The CXX compiler identification is GNU, found in "/RTOSP1/build/Target/application/Debug/CMakeFiles/3.22.1/CompilerIdCXX/CMakeCXXCompilerId.o"

Detecting C compiler ABI info compiled with the following output:
Change Dir: /RTOSP1/build/Target/application/Debug/CMakeFiles/CMakeTmp

Run Build Command(s):/home/builder/.suresh/bin/ninja cmTC_59618 && [1/2] Building C object CMakeFiles/cmTC_59618.dir/CMakeCCompilerABI.c.obj
Using built-in specs.
COLLECT_GCC=/opt/arm-toolchain/gcc/bin/arm-none-eabi-gcc
Target: arm-none-eabi
Configured with: /tmp/jenkins-f07d89a2/workspace/GNU-toolchain/arm-14-2/src/gcc/configure --target=arm-none-eabi --prefix=/tmp/jenkins-f07d89a2/workspace/GNU-toolchain/arm-14-2/build-arm-none-eabi/install --with-gmp=/tmp/jenkins-f07d89a2/workspace/GNU-toolchain/arm-14-2/build-arm-none-eabi/host-tools --with-mpfr=/tmp/jenkins-f07d89a2/workspace/GNU-toolchain/arm-14-2/build-arm-none-eabi/host-tools --with-mpc=/tmp/jenkins-f07d89a2/workspace/GNU-toolchain/arm-14-2/build-arm-none-eabi/host-tools --with-isl=/tmp/jenkins-f07d89a2/workspace/GNU-toolchain/arm-14-2/build-arm-none-eabi/host-tools --disable-shared --disable-nls --disable-threads --disable-tls --enable-checking=release --enable-languages=c,c++,fortran --with-newlib --with-gnu-as --with-headers=yes --with-gnu-ld --with-native-system-header-dir=/include --with-sysroot=/tmp/jenkins-f07d89a2/workspace/GNU-toolchain/arm-14-2/build-arm-none-eabi/install/arm-none-eabi --with-bugurl=https://bugs.linaro.org/ --with-multilib-list=aprofile,rmprofile --with-pkgversion='Arm GNU Toolchain 14.3.Rel1 (Build arm-14.174)'
Thread model: single
Supported LTO compression algorithms: zlib
gcc version 14.3.1 20250623 (Arm GNU Toolchain 14.3.Rel1 (Build arm-14.174)) 
COLLECT_GCC_OPTIONS='-mfpu=fpv4-sp-d16' '-mfloat-abi=hard' '-mcpu=cortex-m4' '-mfpu=fpv4-sp-d16' '-mfloat-abi=hard' '-Wall' '-fdata-sections' '-ffunction-sections' '-v' '-std=gnu11' '-o' 'CMakeFiles/cmTC_59618.dir/CMakeCCompilerABI.c.obj' '-c' '-mthumb' '-mlibarch=armv7e-m+fp' '-march=armv7e-m+fp' '-dumpdir' 'CMakeFiles/cmTC_59618.dir/'
 /opt/arm-toolchain/gcc/bin/../libexec/gcc/arm-none-eabi/14.3.1/cc1 -quiet -v -imultilib thumb/v7e-m+fp/hard -iprefix /opt/arm-toolchain/gcc/bin/../lib/gcc/arm-none-eabi/14.3.1/ -isysroot /opt/arm-toolchain/gcc/bin/../arm-none-eabi -D__USES_INITFINI__ /usr/share/cmake-3.22/Modules/CMakeCCompilerABI.c -quiet -dumpdir CMakeFiles/cmTC_59618.dir/ -dumpbase CMakeCCompilerABI.c.c -dumpbase-ext .c -mfpu=fpv4-sp-d16 -mfloat-abi=hard -mcpu=cortex-m4 -mfpu=fpv4-sp-d16 -mfloat-abi=hard -mthumb -mlibarch=armv7e-m+fp -march=armv7e-m+fp -Wall -std=gnu11 -version -fdata-sections -ffunction-sections -o /tmp/ccXByTT1.s
GNU C11 (Arm GNU Toolchain 14.3.Rel1 (Build arm-14.174)) version 14.3.1 20250623 (arm-none-eabi)
	compiled by GNU C version 9.4.0, GMP version 6.2.1, MPFR version 3.1.6, MPC version 1.0.3, isl version isl-0.15-1-g835ea3a-GMP

GGC heuristics: --param ggc-min-expand=100 --param ggc-min-heapsize=131072
ignoring duplicate directory "/opt/arm-toolchain/gcc/bin/../lib/gcc/../../lib/gcc/arm-none-eabi/14.3.1/include"
ignoring nonexistent directory "/opt/arm-toolchain/gcc/bin/../arm-none-eabi/usr/local/include"
ignoring duplicate directory "/opt/arm-toolchain/gcc/bin/../lib/gcc/../../lib/gcc/arm-none-eabi/14.3.1/include-fixed"
ignoring duplicate directory "/opt/arm-toolchain/gcc/bin/../lib/gcc/../../lib/gcc/arm-none-eabi/14.3.1/../../../../arm-none-eabi/include"
ignoring duplicate directory "/opt/arm-toolchain/gcc/bin/../arm-none-eabi/include"
#include "..." search starts here:
#include <...> search starts here:
 /opt/arm-toolchain/gcc/bin/../lib/gcc/arm-none-eabi/14.3.1/include
 /opt/arm-toolchain/gcc/bin/../lib/gcc/arm-none-eabi/14.3.1/include-fixed
 /opt/arm-toolchain/gcc/bin/../lib/gcc/arm-none-eabi/14.3.1/../../../../arm-none-eabi/include
End of search list.
Compiler executable checksum: ddd3eb14313fd0f1faf9c5a2a04f870a
COLLECT_GCC_OPTIONS='-mfpu=fpv4-sp-d16' '-mfloat-abi=hard' '-mcpu=cortex-m4' '-mfpu=fpv4-sp-d16' '-mfloat-abi=hard' '-Wall' '-fdata-sections' '-ffunction-sections' '-v' '-std=gnu11' '-o' 'CMakeFiles/cmTC_59618.dir/CMakeCCompilerABI.c.obj' '-c' '-mthumb' '-mlibarch=armv7e-m+fp' '-march=armv7e-m+fp' '-dumpdir' 'CMakeFiles/cmTC_59618.dir/'
 /opt/arm-toolchain/gcc/bin/../lib/gcc/arm-none-eabi/14.3.1/../../../../arm-none-eabi/bin/as -v -march=armv7e-m+fp -mfloat-abi=hard -mfloat-abi=hard -mfpu=fpv4-sp-d16 -mfpu=fpv4-sp-d16 -meabi=5 -o CMakeFiles/cmTC_59618.dir/CMakeCCompilerABI.c.obj /tmp/ccXByTT1.s
GNU assembler version 2.44.0 (arm-none-eabi) using BFD version (Arm GNU Toolchain 14.3.Rel1 (Build arm-14.174)) 2.44.0.20250616
COMPILER_PATH=/opt/arm-toolchain/gcc/bin/../libexec/gcc/arm-none-eabi/14.3.1/:/opt/arm-toolchain/gcc/bin/../libexec/gcc/:/opt/arm-toolchain/gcc/bin/../lib/gcc/arm-none-eabi/14.3.1/../../../../arm-none-eabi/bin/
LIBRARY_PATH=/opt/arm-toolchain/gcc/bin/../lib/gcc/arm-none-eabi/14.3.1/thumb/v7e-m+fp/hard/:/opt/arm-toolchain/gcc/bin/../lib/gcc/arm-none-eabi/14.3.1/../../../../arm-none-eabi/lib/thumb/v7e-m+fp/hard/:/opt/arm-toolchain/gcc/bin/../arm-none-eabi/lib/thumb/v7e-m+fp/hard/:/opt/arm-toolchain/gcc/bin/../lib/gcc/arm-none-eabi/14.3.1/:/opt/arm-toolchain/gcc/bin/../lib/gcc/:/opt/arm-toolchain/gcc/bin/../lib/gcc/arm-none-eabi/14.3.1/../../../../arm-none-eabi/lib/:/opt/arm-toolchain/gcc/bin/../arm-none-eabi/lib/
COLLECT_GCC_OPTIONS='-mfpu=fpv4-sp-d16' '-mfloat-abi=hard' '-mcpu=cortex-m4' '-mfpu=fpv4-sp-d16' '-mfloat-abi=hard' '-Wall' '-fdata-sections' '-ffunction-sections' '-v' '-std=gnu11' '-o' 'CMakeFiles/cmTC_59618.dir/CMakeCCompilerABI.c.obj' '-c' '-mthumb' '-mlibarch=armv7e-m+fp' '-march=armv7e-m+fp' '-dumpdir' 'CMakeFiles/cmTC_59618.dir/CMakeCCompilerABI.c.'
[2/2] Linking C static library libcmTC_59618.a



Parsed C implicit include dir info from above output: rv=done
  found start of include info
  found start of implicit include info
    add: [/opt/arm-toolchain/gcc/bin/../lib/gcc/arm-none-eabi/14.3.1/include]
    add: [/opt/arm-toolchain/gcc/bin/../lib/gcc/arm-none-eabi/14.3.1/include-fixed]
    add: [/opt/arm-toolchain/gcc/bin/../lib/gcc/arm-none-eabi/14.3.1/../../../../arm-none-eabi/include]
  end of search list found
  collapse include dir [/opt/arm-toolchain/gcc/bin/../lib/gcc/arm-none-eabi/14.3.1/include] ==> [/opt/arm-toolchain/gcc/lib/gcc/arm-none-eabi/14.3.1/include]
  collapse include dir [/opt/arm-toolchain/gcc/bin/../lib/gcc/arm-none-eabi/14.3.1/include-fixed] ==> [/opt/arm-toolchain/gcc/lib/gcc/arm-none-eabi/14.3.1/include-fixed]
  collapse include dir [/opt/arm-toolchain/gcc/bin/../lib/gcc/arm-none-eabi/14.3.1/../../../../arm-none-eabi/include] ==> [/opt/arm-toolchain/gcc/arm-none-eabi/include]
  implicit include dirs: [/opt/arm-toolchain/gcc/lib/gcc/arm-none-eabi/14.3.1/include;/opt/arm-toolchain/gcc/lib/gcc/arm-none-eabi/14.3.1/include-fixed;/opt/arm-toolchain/gcc/arm-none-eabi/include]


Parsed C implicit link information from above output:
  link line regex: [^( *|.*[/\])(arm-none-eabi-g\+\+|CMAKE_LINK_STARTFILE-NOTFOUND|([^/\]+-)?ld|collect2)[^/\]*( |$)]
  ignore line: [Change Dir: /RTOSP1/build/Target/application/Debug/CMakeFiles/CMakeTmp]
  ignore line: []
  ignore line: [Run Build Command(s):/home/builder/.suresh/bin/ninja cmTC_59618 && [1/2] Building C object CMakeFiles/cmTC_59618.dir/CMakeCCompilerABI.c.obj]
  ignore line: [Using built-in specs.]
  ignore line: [COLLECT_GCC=/opt/arm-toolchain/gcc/bin/arm-none-eabi-gcc]
  ignore line: [Target: arm-none-eabi]
  ignore line: [Configured with: /tmp/jenkins-f07d89a2/workspace/GNU-toolchain/arm-14-2/src/gcc/configure --target=arm-none-eabi --prefix=/tmp/jenkins-f07d89a2/workspace/GNU-toolchain/arm-14-2/build-arm-none-eabi/install --with-gmp=/tmp/jenkins-f07d89a2/workspace/GNU-toolchain/arm-14-2/build-arm-none-eabi/host-tools --with-mpfr=/tmp/jenkins-f07d89a2/workspace/GNU-toolchain/arm-14-2/build-arm-none-eabi/host-tools --with-mpc=/tmp/jenkins-f07d89a2/workspace/GNU-toolchain/arm-14-2/build-arm-none-eabi/host-tools --with-isl=/tmp/jenkins-f07d89a2/workspace/GNU-toolchain/arm-14-2/build-arm-none-eabi/host-tools --disable-shared --disable-nls --disable-threads --disable-tls --enable-checking=release --enable-languages=c,c++,fortran --with-newlib --with-gnu-as --with-headers=yes --with-gnu-ld --with-native-system-header-dir=/include --with-sysroot=/tmp/jenkins-f07d89a2/workspace/GNU-toolchain/arm-14-2/build-arm-none-eabi/install/arm-none-eabi --with-bugurl=https://bugs.linaro.org/ --with-multilib-list=aprofile,rmprofile --with-pkgversion='Arm GNU Toolchain 14.3.Rel1 (Build arm-14.174)']
  ignore line: [Thread model: single]
  ignore line: [Supported LTO compression algorithms: zlib]
  ignore line: [gcc version 14.3.1 20250623 (Arm GNU Toolchain 14.3.Rel1 (Build arm-14.174)) ]
  ignore line: [COLLECT_GCC_OPTIONS='-mfpu=fpv4-sp-d16' '-mfloat-abi=hard' '-mcpu=cortex-m4' '-mfpu=fpv4-sp-d16' '-mfloat-abi=hard' '-Wall' '-fdata-sections' '-ffunction-sections' '-v' '-std=gnu11' '-o' 'CMakeFiles/cmTC_59618.dir/CMakeCCompilerABI.c.obj' '-c' '-mthumb' '-mlibarch=armv7e-m+fp' '-march=armv7e-m+fp' '-dumpdir' 'CMakeFiles/cmTC_59618.dir/']
  ignore line: [ /opt/arm-toolchain/gcc/bin/../libexec/gcc/arm-none-eabi/14.3.1/cc1 -quiet -v -imultilib thumb/v7e-m+fp/hard -iprefix /opt/arm-toolchain/gcc/bin/../lib/gcc/arm-none-eabi/14.3.1/ -isysroot /opt/arm-toolchain/gcc/bin/../arm-none-eabi -D__USES_INITFINI__ /usr/share/cmake-3.22/Modules/CMakeCCompilerABI.c -quiet -dumpdir CMakeFiles/cmTC_59618.dir/ -dumpbase CMakeCCompilerABI.c.c -dumpbase-ext .c -mfpu=fpv4-sp-d16 -mfloat-abi=hard -mcpu=cortex-m4 -mfpu=fpv4-sp-d16 -mfloat-abi=hard -mthumb -mlibarch=armv7e-m+fp -march=armv7e-m+fp -Wall -std=gnu11 -version -fdata-sections -ffunction-sections -o /tmp/ccXByTT1.s]
  ignore line: [GNU C11 (Arm GNU Toolchain 14.3.Rel1 (Build arm-14.174)) version 14.3.1 20250623 (arm-none-eabi)]
  ignore line: [	compiled by GNU C version 9.4.0  GMP version 6.2.1  MPFR version 3.1.6  MPC version 1.0.3  isl version isl-0.15-1-g835ea3a-GMP]
  ignore line: []
  ignore line: [GGC heuristics: --param ggc-min-expand=100 --param ggc-min-heapsize=131072]
  ignore line: [ignoring duplicate directory "/opt/arm-toolchain/gcc/bin/../lib/gcc/../../lib/gcc/arm-none-eabi/14.3.1/include"]
  ignore line: [ignoring nonexistent directory "/opt/arm-toolchain/gcc/bin/../arm-none-eabi/usr/local/include"]
  ignore line: [ignoring duplicate directory "/opt/arm-toolchain/gcc/bin/../lib/gcc/../../lib/gcc/arm-none-eabi/14.3.1/include-fixed"]
  ignore line: [ignoring duplicate directory "/opt/arm-toolchain/gcc/bin/../lib/gcc/../../lib/gcc/arm-none-eabi/14.3.1/../../../../arm-none-eabi/include"]
  ignore line: [ignoring duplicate directory "/opt/arm-toolchain/gcc/bin/../arm-none-eabi/include"]
  ignore line: [#include "..." search starts here:]
  ignore line: [#include <...> search starts here:]
  ignore line: [ /opt/arm-toolchain/gcc/bin/../lib/gcc/arm-none-eabi/14.3.1/include]
  ignore line: [ /opt/arm-toolchain/gcc/bin/../lib/gcc/arm-none-eabi/14.3.1/include-fixed]
  ignore line: [ /opt/arm-toolchain/gcc/bin/../lib/gcc/arm-none-eabi/14.3.1/../../../../arm-none-eabi/include]
  ignore line: [End of search list.]
  ignore line: [Compiler executable checksum: ddd3eb14313fd0f1faf9c5a2a04f870a]
  ignore line: [COLLECT_GCC_OPTIONS='-mfpu=fpv4-sp-d16' '-mfloat-abi=hard' '-mcpu=cortex-m4' '-mfpu=fpv4-sp-d16' '-mfloat-abi=hard' '-Wall' '-fdata-sections' '-ffunction-sections' '-v' '-std=gnu11' '-o' 'CMakeFiles/cmTC_59618.dir/CMakeCCompilerABI.c.obj' '-c' '-mthumb' '-mlibarch=armv7e-m+fp' '-march=armv7e-m+fp' '-dumpdir' 'CMakeFiles/cmTC_59618.dir/']
  ignore line: [ /opt/arm-toolchain/gcc/bin/../lib/gcc/arm-none-eabi/14.3.1/../../../../arm-none-eabi/bin/as -v -march=armv7e-m+fp -mfloat-abi=hard -mfloat-abi=hard -mfpu=fpv4-sp-d16 -mfpu=fpv4-sp-d16 -meabi=5 -o CMakeFiles/cmTC_59618.dir/CMakeCCompilerABI.c.obj /tmp/ccXByTT1.s]
  ignore line: [GNU assembler version 2.44.0 (arm-none-eabi) using BFD version (Arm GNU Toolchain 14.3.Rel1 (Build arm-14.174)) 2.44.0.20250616]
  ignore line: [COMPILER_PATH=/opt/arm-toolchain/gcc/bin/../libexec/gcc/arm-none-eabi/14.3.1/:/opt/arm-toolchain/gcc/bin/../libexec/gcc/:/opt/arm-toolchain/gcc/bin/../lib/gcc/arm-none-eabi/14.3.1/../../../../arm-none-eabi/bin/]
  ignore line: [LIBRARY_PATH=/opt/arm-toolchain/gcc/bin/../lib/gcc/arm-none-eabi/14.3.1/thumb/v7e-m+fp/hard/:/opt/arm-toolchain/gcc/bin/../lib/gcc/arm-none-eabi/14.3.1/../../../../arm-none-eabi/lib/thumb/v7e-m+fp/hard/:/opt/arm-toolchain/gcc/bin/../arm-none-eabi/lib/thumb/v7e-m+fp/hard/:/opt/arm-toolchain/gcc/bin/../lib/gcc/arm-none-eabi/14.3.1/:/opt/arm-toolchain/gcc/bin/../lib/gcc/:/opt/arm-toolchain/gcc/bin/../lib/gcc/arm-none-eabi/14.3.1/../../../../arm-none-eabi/lib/:/opt/arm-toolchain/gcc/bin/../arm-none-eabi/lib/]
  ignore line: [COLLECT_GCC_OPTIONS='-mfpu=fpv4-sp-d16' '-mfloat-abi=hard' '-mcpu=cortex-m4' '-mfpu=fpv4-sp-d16' '-mfloat-abi=hard' '-Wall' '-fdata-sections' '-ffunction-sections' '-v' '-std=gnu11' '-o' 'CMakeFiles/cmTC_59618.dir/CMakeCCompilerABI.c.obj' '-c' '-mthumb' '-mlibarch=armv7e-m+fp' '-march=armv7e-m+fp' '-dumpdir' 'CMakeFiles/cmTC_59618.dir/CMakeCCompilerABI.c.']
  ignore line: [[2/2] Linking C static library libcmTC_59618.a]
  ignore line: []
  ignore line: []
  implicit libs: []
  implicit objs: []
  implicit dirs: []
  implicit fwks: []


Detecting CXX compiler ABI info compiled with the following output:
Change Dir: /RTOSP1/build/Target/application/Debug/CMakeFiles/CMakeTmp

Run Build Command(s):/home/builder/.suresh/bin/ninja cmTC_1f926 && [1/2] Building CXX object CMakeFiles/cmTC_1f926.dir/CMakeCXXCompilerABI.cpp.obj
Using built-in specs.
COLLECT_GCC=/opt/arm-toolchain/gcc/bin/arm-none-eabi-g++
Target: arm-none-eabi
Configured with: /tmp/jenkins-f07d89a2/workspace/GNU-toolchain/arm-14-2/src/gcc/configure --target=arm-none-eabi --prefix=/tmp/jenkins-f07d89a2/workspace/GNU-toolchain/arm-14-2/build-arm-none-eabi/install --with-gmp=/tmp/jenkins-f07d89a2/workspace/GNU-toolchain/arm-14-2/build-arm-none-eabi/host-tools --with-mpfr=/tmp/jenkins-f07d89a2/workspace/GNU-toolchain/arm-14-2/build-arm-none-eabi/host-tools --with-mpc=/tmp/jenkins-f07d89a2/workspace/GNU-toolchain/arm-14-2/build-arm-none-eabi/host-tools --with-isl=/tmp/jenkins-f07d89a2/workspace/GNU-toolchain/arm-14-2/build-arm-none-eabi/host-tools --disable-shared --disable-nls --disable-threads --disable-tls --enable-checking=release --enable-languages=c,c++,fortran --with-newlib --with-gnu-as --with-headers=yes --with-gnu-ld --with-native-system-header-dir=/include --with-sysroot=/tmp/jenkins-f07d89a2/workspace/GNU-toolchain/arm-14-2/build-arm-none-eabi/install/arm-none-eabi --with-bugurl=https://bugs.linaro.org/ --with-multilib-list=aprofile,rmprofile --with-pkgversion='Arm GNU Toolchain 14.3.Rel1 (Build arm-14.174)'
Thread model: single
Supported LTO compression algorithms: zlib
gcc version 14.3.1 20250623 (Arm GNU Toolchain 14.3.Rel1 (Build arm-14.174)) 
COLLECT_GCC_OPTIONS='-mfpu=fpv4-sp-d16' '-mfloat-abi=hard' '-mcpu=cortex-m4' '-mfpu=fpv4-sp-d16' '-mfloat-abi=hard' '-Wall' '-fdata-sections' '-ffunction-sections' '-fno-rtti' '-fno-exceptions' '-fno-threadsafe-statics' '-v' '-o' 'CMakeFiles/cmTC_1f926.dir/CMakeCXXCompilerABI.cpp.obj' '-c' '-mthumb' '-mlibarch=armv7e-m+fp' '-march=armv7e-m+fp' '-dumpdir' 'CMakeFiles/cmTC_1f926.dir/'
 /opt/arm-toolchain/gcc/bin/../libexec/gcc/arm-none-eabi/14.3.1/cc1plus -quiet -v -imultilib thumb/v7e-m+fp/hard -iprefix /opt/arm-toolchain/gcc/bin/../lib/gcc/arm-none-eabi/14.3.1/ -isysroot /opt/arm-toolchain/gcc/bin/../arm-none-eabi -D__USES_INITFINI__ /usr/share/cmake-3.22/Modules/CMakeCXXCompilerABI.cpp -quiet -dumpdir CMakeFiles/cmTC_1f926.dir/ -dumpbase CMakeCXXCompilerABI.cpp.cpp -dumpbase-ext .cpp -mfpu=fpv4-sp-d16 -mfloat-abi=hard -mcpu=cortex-m4 -mfpu=fpv4-sp-d16 -mfloat-abi=hard -mthumb -mlibarch=armv7e-m+fp -march=armv7e-m+fp -Wall -version -fdata-sections -ffunction-sections -fno-rtti -fno-exceptions -fno-threadsafe-statics -o /tmp/ccx9KhPV.s
GNU C++17 (Arm GNU Toolchain 14.3.Rel1 (Build arm-14.174)) version 14.3.1 20250623 (arm-none-eabi)
	compiled by GNU C version 9.4.0, GMP version 6.2.1, MPFR version 3.1.6, MPC version 1.0.3, isl version isl-0.15-1-g835ea3a-GMP

GGC heuristics: --param ggc-min-expand=100 --param ggc-min-heapsize=131072
ignoring duplicate directory "/opt/arm-toolchain/gcc/bin/../lib/gcc/../../lib/gcc/arm-none-eabi/14.3.1/../../../../arm-none-eabi/include/c++/14.3.1"
ignoring duplicate directory "/opt/arm-toolchain/gcc/bin/../lib/gcc/../../lib/gcc/arm-none-eabi/14.3.1/../../../../arm-none-eabi/include/c++/14.3.1/arm-none-eabi/thumb/v7e-m+fp/hard"
ignoring duplicate directory "/opt/arm-toolchain/gcc/bin/../lib/gcc/../../lib/gcc/arm-none-eabi/14.3.1/../../../../arm-none-eabi/include/c++/14.3.1/backward"
ignoring duplicate directory "/opt/arm-toolchain/gcc/bin/../lib/gcc/../../lib/gcc/arm-none-eabi/14.3.1/include"
ignoring nonexistent directory "/opt/arm-toolchain/gcc/bin/../arm-none-eabi/usr/local/include"
ignoring duplicate directory "/opt/arm-toolchain/gcc/bin/../lib/gcc/../../lib/gcc/arm-none-eabi/14.3.1/include-fixed"
ignoring duplicate directory "/opt/arm-toolchain/gcc/bin/../lib/gcc/../../lib/gcc/arm-none-eabi/14.3.1/../../../../arm-none-eabi/include"
ignoring duplicate directory "/opt/arm-toolchain/gcc/bin/../arm-none-eabi/include"
#include "..." search starts here:
#include <...> search starts here:
 /opt/arm-toolchain/gcc/bin/../lib/gcc/arm-none-eabi/14.3.1/../../../../arm-none-eabi/include/c++/14.3.1
 /opt/arm-toolchain/gcc/bin/../lib/gcc/arm-none-eabi/14.3.1/../../../../arm-none-eabi/include/c++/14.3.1/arm-none-eabi/thumb/v7e-m+fp/hard
 /opt/arm-toolchain/gcc/bin/../lib/gcc/arm-none-eabi/14.3.1/../../../../arm-none-eabi/include/c++/14.3.1/backward
 /opt/arm-toolchain/gcc/bin/../lib/gcc/arm-none-eabi/14.3.1/include
 /opt/arm-toolchain/gcc/bin/../lib/gcc/arm-none-eabi/14.3.1/include-fixed
 /opt/arm-toolchain/gcc/bin/../lib/gcc/arm-none-eabi/14.3.1/../../../../arm-none-eabi/include
End of search list.
Compiler executable checksum: cd4adbf36a58241b8c78e8cc9906e2ff
COLLECT_GCC_OPTIONS='-mfpu=fpv4-sp-d16' '-mfloat-abi=hard' '-mcpu=cortex-m4' '-mfpu=fpv4-sp-d16' '-mfloat-abi=hard' '-Wall' '-fdata-sections' '-ffunction-sections' '-fno-rtti' '-fno-exceptions' '-fno-threadsafe-statics' '-v' '-o' 'CMakeFiles/cmTC_1f926.dir/CMakeCXXCompilerABI.cpp.obj' '-c' '-mthumb' '-mlibarch=armv7e-m+fp' '-march=armv7e-m+fp' '-dumpdir' 'CMakeFiles/cmTC_1f926.dir/'
 /opt/arm-toolchain/gcc/bin/../lib/gcc/arm-none-eabi/14.3.1/../../../../arm-none-eabi/bin/as -v -march=armv7e-m+fp -mfloat-abi=hard -mfloat-abi=hard -mfpu=fpv4-sp-d16 -mfpu=fpv4-sp-d16 -meabi=5 -o CMakeFiles/cmTC_1f926.dir/CMakeCXXCompilerABI.cpp.obj /tmp/ccx9KhPV.s
GNU assembler version 2.44.0 (arm-none-eabi) using BFD version (Arm GNU Toolchain 14.3.Rel1 (Build arm-14.174)) 2.44.0.20250616
COMPILER_PATH=/opt/arm-toolchain/gcc/bin/../libexec/gcc/arm-none-eabi/14.3.1/:/opt/arm-toolchain/gcc/bin/../libexec/gcc/:/opt/arm-toolchain/gcc/bin/../lib/gcc/arm-none-eabi/14.3.1/../../../../arm-none-eabi/bin/
LIBRARY_PATH=/opt/arm-toolchain/gcc/bin/../lib/gcc/arm-none-eabi/14.3.1/thumb/v7e-m+fp/hard/:/opt/arm-toolchain/gcc/bin/../lib/gcc/arm-none-eabi/14.3.1/../../../../arm-none-eabi/lib/thumb/v7e-m+fp/hard/:/opt/arm-toolchain/gcc/bin/../arm-none-eabi/lib/thumb/v7e-m+fp/hard/:/opt/arm-toolchain/gcc/bin/../lib/gcc/arm-none-eabi/14.3.1/:/opt/arm-toolchain/gcc/bin/../lib/gcc/:/opt/arm-toolchain/gcc/bin/../lib/gcc/arm-none-eabi/14.3.1/../../../../arm-none-eabi/lib/:/opt/arm-toolchain/gcc/bin/../arm-none-eabi/lib/
COLLECT_GCC_OPTIONS='-mfpu=fpv4-sp-d16' '-mfloat-abi=hard' '-mcpu=cortex-m4' '-mfpu=fpv4-sp-d16' '-mfloat-abi=hard' '-Wall' '-fdata-sections' '-ffunction-sections' '-fno-rtti' '-fno-exceptions' '-fno-threadsafe-statics' '-v' '-o' 'CMakeFiles/cmTC_1f926.dir/CMakeCXXCompilerABI.cpp.obj' '-c' '-mthumb' '-mlibarch=armv7e-m+fp' '-march=armv7e-m+fp' '-dumpdir' 'CMakeFiles/cmTC_1f926.dir/CMakeCXXCompilerABI.cpp.'
[2/2] Linking CXX static library libcmTC_1f926.a



Parsed CXX implicit include dir info from above output: rv=done
  found start of include info
  found start of implicit include info
    add: [/opt/arm-toolchain/gcc/bin/../lib/gcc/arm-none-eabi/14.3.1/../../../../arm-none-eabi/include/c++/14.3.1]
    add: [/opt/arm-toolchain/gcc/bin/../lib/gcc/arm-none-eabi/14.3.1/../../../../arm-none-eabi/include/c++/14.3.1/arm-none-eabi/thumb/v7e-m+fp/hard]
    add: [/opt/arm-toolchain/gcc/bin/../lib/gcc/arm-none-eabi/14.3.1/../../../../arm-none-eabi/include/c++/14.3.1/backward]
    add: [/opt/arm-toolchain/gcc/bin/../lib/gcc/arm-none-eabi/14.3.1/include]
    add: [/opt/arm-toolchain/gcc/bin/../lib/gcc/arm-none-eabi/14.3.1/include-fixed]
    add: [/opt/arm-toolchain/gcc/bin/../lib/gcc/arm-none-eabi/14.3.1/../../../../arm-none-eabi/include]
  end of search list found
  collapse include dir [/opt/arm-toolchain/gcc/bin/../lib/gcc/arm-none-eabi/14.3.1/../../../../arm-none-eabi/include/c++/14.3.1] ==> [/opt/arm-toolchain/gcc/arm-none-eabi/include/c++/14.3.1]
  collapse include dir [/opt/arm-toolchain/gcc/bin/../lib/gcc/arm-none-eabi/14.3.1/../../../../arm-none-eabi/include/c++/14.3.1/arm-none-eabi/thumb/v7e-m+fp/hard] ==> [/opt/arm-toolchain/gcc/arm-none-eabi/include/c++/14.3.1/arm-none-eabi/thumb/v7e-m+fp/hard]
  collapse include dir [/opt/arm-toolchain/gcc/bin/../lib/gcc/arm-none-eabi/14.3.1/../../../../arm-none-eabi/include/c++/14.3.1/backward] ==> [/opt/arm-toolchain/gcc/arm-none-eabi/include/c++/14.3.1/backward]
  collapse include dir [/opt/arm-toolchain/gcc/bin/../lib/gcc/arm-none-eabi/14.3.1/include] ==> [/opt/arm-toolchain/gcc/lib/gcc/arm-none-eabi/14.3.1/include]
  collapse include dir [/opt/arm-toolchain/gcc/bin/../lib/gcc/arm-none-eabi/14.3.1/include-fixed] ==> [/opt/arm-toolchain/gcc/lib/gcc/arm-none-eabi/14.3.1/include-fixed]
  collapse include dir [/opt/arm-toolchain/gcc/bin/../lib/gcc/arm-none-eabi/14.3.1/../../../../arm-none-eabi/include] ==> [/opt/arm-toolchain/gcc/arm-none-eabi/include]
  implicit include dirs: [/opt/arm-toolchain/gcc/arm-none-eabi/include/c++/14.3.1;/opt/arm-toolchain/gcc/arm-none-eabi/include/c++/14.3.1/arm-none-eabi/thumb/v7e-m+fp/hard;/opt/arm-toolchain/gcc/arm-none-eabi/include/c++/14.3.1/backward;/opt/arm-toolchain/gcc/lib/gcc/arm-none-eabi/14.3.1/include;/opt/arm-toolchain/gcc/lib/gcc/arm-none-eabi/14.3.1/include-fixed;/opt/arm-toolchain/gcc/arm-none-eabi/include]


Parsed CXX implicit link information from above output:
  link line regex: [^( *|.*[/\])(arm-none-eabi-g\+\+|CMAKE_LINK_STARTFILE-NOTFOUND|([^/\]+-)?ld|collect2)[^/\]*( |$)]
  ignore line: [Change Dir: /RTOSP1/build/Target/application/Debug/CMakeFiles/CMakeTmp]
  ignore line: []
  ignore line: [Run Build Command(s):/home/builder/.suresh/bin/ninja cmTC_1f926 && [1/2] Building CXX object CMakeFiles/cmTC_1f926.dir/CMakeCXXCompilerABI.cpp.obj]
  ignore line: [Using built-in specs.]
  ignore line: [COLLECT_GCC=/opt/arm-toolchain/gcc/bin/arm-none-eabi-g++]
  ignore line: [Target: arm-none-eabi]
  ignore line: [Configured with: /tmp/jenkins-f07d89a2/workspace/GNU-toolchain/arm-14-2/src/gcc/configure --target=arm-none-eabi --prefix=/tmp/jenkins-f07d89a2/workspace/GNU-toolchain/arm-14-2/build-arm-none-eabi/install --with-gmp=/tmp/jenkins-f07d89a2/workspace/GNU-toolchain/arm-14-2/build-arm-none-eabi/host-tools --with-mpfr=/tmp/jenkins-f07d89a2/workspace/GNU-toolchain/arm-14-2/build-arm-none-eabi/host-tools --with-mpc=/tmp/jenkins-f07d89a2/workspace/GNU-toolchain/arm-14-2/build-arm-none-eabi/host-tools --with-isl=/tmp/jenkins-f07d89a2/workspace/GNU-toolchain/arm-14-2/build-arm-none-eabi/host-tools --disable-shared --disable-nls --disable-threads --disable-tls --enable-checking=release --enable-languages=c,c++,fortran --with-newlib --with-gnu-as --with-headers=yes --with-gnu-ld --with-native-system-header-dir=/include --with-sysroot=/tmp/jenkins-f07d89a2/workspace/GNU-toolchain/arm-14-2/build-arm-none-eabi/install/arm-none-eabi --with-bugurl=https://bugs.linaro.org/ --with-multilib-list=aprofile,rmprofile --with-pkgversion='Arm GNU Toolchain 14.3.Rel1 (Build arm-14.174)']
  ignore line: [Thread model: single]
  ignore line: [Supported LTO compression algorithms: zlib]
  ignore line: [gcc version 14.3.1 20250623 (Arm GNU Toolchain 14.3.Rel1 (Build arm-14.174)) ]
  ignore line: [COLLECT_GCC_OPTIONS='-mfpu=fpv4-sp-d16' '-mfloat-abi=hard' '-mcpu=cortex-m4' '-mfpu=fpv4-sp-d16' '-mfloat-abi=hard' '-Wall' '-fdata-sections' '-ffunction-sections' '-fno-rtti' '-fno-exceptions' '-fno-threadsafe-statics' '-v' '-o' 'CMakeFiles/cmTC_1f926.dir/CMakeCXXCompilerABI.cpp.obj' '-c' '-mthumb' '-mlibarch=armv7e-m+fp' '-march=armv7e-m+fp' '-dumpdir' 'CMakeFiles/cmTC_1f926.dir/']
  ignore line: [ /opt/arm-toolchain/gcc/bin/../libexec/gcc/arm-none-eabi/14.3.1/cc1plus -quiet -v -imultilib thumb/v7e-m+fp/hard -iprefix /opt/arm-toolchain/gcc/bin/../lib/gcc/arm-none-eabi/14.3.1/ -isysroot /opt/arm-toolchain/gcc/bin/../arm-none-eabi -D__USES_INITFINI__ /usr/share/cmake-3.22/Modules/CMakeCXXCompilerABI.cpp -quiet -dumpdir CMakeFiles/cmTC_1f926.dir/ -dumpbase CMakeCXXCompilerABI.cpp.cpp -dumpbase-ext .cpp -mfpu=fpv4-sp-d16 -mfloat-abi=hard -mcpu=cortex-m4 -mfpu=fpv4-sp-d16 -mfloat-abi=hard -mthumb -mlibarch=armv7e-m+fp -march=armv7e-m+fp -Wall -version -fdata-sections -ffunction-sections -fno-rtti -fno-exceptions -fno-threadsafe-statics -o /tmp/ccx9KhPV.s]
  ignore line: [GNU C++17 (Arm GNU Toolchain 14.3.Rel1 (Build arm-14.174)) version 14.3.1 20250623 (arm-none-eabi)]
  ignore line: [	compiled by GNU C version 9.4.0  GMP version 6.2.1  MPFR version 3.1.6  MPC version 1.0.3  isl version isl-0.15-1-g835ea3a-GMP]
  ignore line: []
  ignore line: [GGC heuristics: --param ggc-min-expand=100 --param ggc-min-heapsize=131072]
  ignore line: [ignoring duplicate directory "/opt/arm-toolchain/gcc/bin/../lib/gcc/../../lib/gcc/arm-none-eabi/14.3.1/../../../../arm-none-eabi/include/c++/14.3.1"]
  ignore line: [ignoring duplicate directory "/opt/arm-toolchain/gcc/bin/../lib/gcc/../../lib/gcc/arm-none-eabi/14.3.1/../../../../arm-none-eabi/include/c++/14.3.1/arm-none-eabi/thumb/v7e-m+fp/hard"]
  ignore line: [ignoring duplicate directory "/opt/arm-toolchain/gcc/bin/../lib/gcc/../../lib/gcc/arm-none-eabi/14.3.1/../../../../arm-none-eabi/include/c++/14.3.1/backward"]
  ignore line: [ignoring duplicate directory "/opt/arm-toolchain/gcc/bin/../lib/gcc/../../lib/gcc/arm-none-eabi/14.3.1/include"]
  ignore line: [ignoring nonexistent directory "/opt/arm-toolchain/gcc/bin/../arm-none-eabi/usr/local/include"]
  ignore line: [ignoring duplicate directory "/opt/arm-toolchain/gcc/bin/../lib/gcc/../../lib/gcc/arm-none-eabi/14.3.1/include-fixed"]
  ignore line: [ignoring duplicate directory "/opt/arm-toolchain/gcc/bin/../lib/gcc/../../lib/gcc/arm-none-eabi/14.3.1/../../../../arm-none-eabi/include"]
  ignore line: [ignoring duplicate directory "/opt/arm-toolchain/gcc/bin/../arm-none-eabi/include"]
  ignore line: [#include "..." search starts here:]
  ignore line: [#include <...> search starts here:]
  ignore line: [ /opt/arm-toolchain/gcc/bin/../lib/gcc/arm-none-eabi/14.3.1/../../../../arm-none-eabi/include/c++/14.3.1]
  ignore line: [ /opt/arm-toolchain/gcc/bin/../lib/gcc/arm-none-eabi/14.3.1/../../../../arm-none-eabi/include/c++/14.3.1/arm-none-eabi/thumb/v7e-m+fp/hard]
  ignore line: [ /opt/arm-toolchain/gcc/bin/../lib/gcc/arm-none-eabi/14.3.1/../../../../arm-none-eabi/include/c++/14.3.1/backward]
  ignore line: [ /opt/arm-toolchain/gcc/bin/../lib/gcc/arm-none-eabi/14.3.1/include]
  ignore line: [ /opt/arm-toolchain/gcc/bin/../lib/gcc/arm-none-eabi/14.3.1/include-fixed]
  ignore line: [ /opt/arm-toolchain/gcc/bin/../lib/gcc/arm-none-eabi/14.3.1/../../../../arm-none-eabi/include]
  ignore line: [End of search list.]
  ignore line: [Compiler executable checksum: cd4adbf36a58241b8c78e8cc9906e2ff]
  ignore line: [COLLECT_GCC_OPTIONS='-mfpu=fpv4-sp-d16' '-mfloat-abi=hard' '-mcpu=cortex-m4' '-mfpu=fpv4-sp-d16' '-mfloat-abi=hard' '-Wall' '-fdata-sections' '-ffunction-sections' '-fno-rtti' '-fno-exceptions' '-fno-threadsafe-statics' '-v' '-o' 'CMakeFiles/cmTC_1f926.dir/CMakeCXXCompilerABI.cpp.obj' '-c' '-mthumb' '-mlibarch=armv7e-m+fp' '-march=armv7e-m+fp' '-dumpdir' 'CMakeFiles/cmTC_1f926.dir/']
  ignore line: [ /opt/arm-toolchain/gcc/bin/../lib/gcc/arm-none-eabi/14.3.1/../../../../arm-none-eabi/bin/as -v -march=armv7e-m+fp -mfloat-abi=hard -mfloat-abi=hard -mfpu=fpv4-sp-d16 -mfpu=fpv4-sp-d16 -meabi=5 -o CMakeFiles/cmTC_1f926.dir/CMakeCXXCompilerABI.cpp.obj /tmp/ccx9KhPV.s]
  ignore line: [GNU assembler version 2.44.0 (arm-none-eabi) using BFD version (Arm GNU Toolchain 14.3.Rel1 (Build arm-14.174)) 2.44.0.20250616]
  ignore line: [COMPILER_PATH=/opt/arm-toolchain/gcc/bin/../libexec/gcc/arm-none-eabi/14.3.1/:/opt/arm-toolchain/gcc/bin/../libexec/gcc/:/opt/arm-toolchain/gcc/bin/../lib/gcc/arm-none-eabi/14.3.1/../../../../arm-none-eabi/bin/]
  ignore line: [LIBRARY_PATH=/opt/arm-toolchain/gcc/bin/../lib/gcc/arm-none-eabi/14.3.1/thumb/v7e-m+fp/hard/:/opt/arm-toolchain/gcc/bin/../lib/gcc/arm-none-eabi/14.3.1/../../../../arm-none-eabi/lib/thumb/v7e-m+fp/hard/:/opt/arm-toolchain/gcc/bin/../arm-none-eabi/lib/thumb/v7e-m+fp/hard/:/opt/arm-toolchain/gcc/bin/../lib/gcc/arm-none-eabi/14.3.1/:/opt/arm-toolchain/gcc/bin/../lib/gcc/:/opt/arm-toolchain/gcc/bin/../lib/gcc/arm-none-eabi/14.3.1/../../../../arm-none-eabi/lib/:/opt/arm-toolchain/gcc/bin/../arm-none-eabi/lib/]
  ignore line: [COLLECT_GCC_OPTIONS='-mfpu=fpv4-sp-d16' '-mfloat-abi=hard' '-mcpu=cortex-m4' '-mfpu=fpv4-sp-d16' '-mfloat-abi=hard' '-Wall' '-fdata-sections' '-ffunction-sections' '-fno-rtti' '-fno-exceptions' '-fno-threadsafe-statics' '-v' '-o' 'CMakeFiles/cmTC_1f926.dir/CMakeCXXCompilerABI.cpp.obj' '-c' '-mthumb' '-mlibarch=armv7e-m+fp' '-march=armv7e-m+fp' '-dumpdir' 'CMakeFiles/cmTC_1f926.dir/CMakeCXXCompilerABI.cpp.']
  ignore line: [[2/2] Linking CXX static library libcmTC_1f926.a]
  ignore line: []
  ignore line: []
  implicit libs: []
  implicit objs: []
  implicit dirs: []
  implicit fwks: []


Checking whether the ASM compiler is GNU using "--version" matched "(GNU assembler)|(GCC)|(Free Software Foundation)":
arm-none-eabi-gcc (Arm GNU Toolchain 14.3.Rel1 (Build arm-14.174)) 14.3.1 20250623
Copyright (C) 2024 Free Software Foundation, Inc.
This is free software; see the source for copying conditions.  There is NO
warranty; not even for MERCHANTABILITY or FITNESS FOR A PARTICULAR PURPOSE.

