Compiling the C compiler identification source file "CMakeCCompilerId.c" failed.
Compiler: /opt/arm-toolchain/gcc/bin/arm-none-eabi-gcc 
Build flags: ;-mcpu=cortex-m4;-mfpu=fpv4-sp-d16;-mfloat-abi=hard;;-Wall;-fdata-sections;-ffunction-sections;-mcpu=cortex-m4;-mfpu=fpv4-sp-d16;-mfloat-abi=hard;;-Wall;-fdata-sections;-ffunction-sections
Id flags:  

The output was:
1
/opt/arm-toolchain/gcc/bin/../lib/gcc/arm-none-eabi/14.3.1/../../../../arm-none-eabi/bin/ld: /opt/arm-toolchain/gcc/bin/../lib/gcc/arm-none-eabi/14.3.1/../../../../arm-none-eabi/lib/thumb/v7e-m+fp/hard/libc.a(libc_a-exit.o): in function `exit':
exit.c:(.text.exit+0x14): undefined reference to `_exit'
/opt/arm-toolchain/gcc/bin/../lib/gcc/arm-none-eabi/14.3.1/../../../../arm-none-eabi/bin/ld: (_exit): Unknown destination type (ARM/Thumb) in /opt/arm-toolchain/gcc/bin/../lib/gcc/arm-none-eabi/14.3.1/../../../../arm-none-eabi/lib/thumb/v7e-m+fp/hard/libc.a(libc_a-exit.o)
exit.c:(.text.exit+0x14): dangerous relocation: unsupported relocation
/opt/arm-toolchain/gcc/bin/../lib/gcc/arm-none-eabi/14.3.1/../../../../arm-none-eabi/bin/ld: /opt/arm-toolchain/gcc/bin/../lib/gcc/arm-none-eabi/14.3.1/../../../../arm-none-eabi/lib/thumb/v7e-m+fp/hard/libc.a(libc_a-closer.o): in function `_close_r':
closer.c:(.text._close_r+0xc): undefined reference to `_close'
/opt/arm-toolchain/gcc/bin/../lib/gcc/arm-none-eabi/14.3.1/../../../../arm-none-eabi/bin/ld: (_close): Unknown destination type (ARM/Thumb) in /opt/arm-toolchain/gcc/bin/../lib/gcc/arm-none-eabi/14.3.1/../../../../arm-none-eabi/lib/thumb/v7e-m+fp/hard/libc.a(libc_a-closer.o)
closer.c:(.text._close_r+0xc): dangerous relocation: unsupported relocation
/opt/arm-toolchain/gcc/bin/../lib/gcc/arm-none-eabi/14.3.1/../../../../arm-none-eabi/bin/ld: /opt/arm-toolchain/gcc/bin/../lib/gcc/arm-none-eabi/14.3.1/../../../../arm-none-eabi/lib/thumb/v7e-m+fp/hard/libc.a(libc_a-lseekr.o): in function `_lseek_r':
lseekr.c:(.text._lseek_r+0x14): undefined reference to `_lseek'
/opt/arm-toolchain/gcc/bin/../lib/gcc/arm-none-eabi/14.3.1/../../../../arm-none-eabi/bin/ld: (_lseek): Unknown destination type (ARM/Thumb) in /opt/arm-toolchain/gcc/bin/../lib/gcc/arm-none-eabi/14.3.1/../../../../arm-none-eabi/lib/thumb/v7e-m+fp/hard/libc.a(libc_a-lseekr.o)
lseekr.c:(.text._lseek_r+0x14): dangerous relocation: unsupported relocation
/opt/arm-toolchain/gcc/bin/../lib/gcc/arm-none-eabi/14.3.1/../../../../arm-none-eabi/bin/ld: /opt/arm-toolchain/gcc/bin/../lib/gcc/arm-none-eabi/14.3.1/../../../../arm-none-eabi/lib/thumb/v7e-m+fp/hard/libc.a(libc_a-readr.o): in function `_read_r':
readr.c:(.text._read_r+0x14): undefined reference to `_read'
/opt/arm-toolchain/gcc/bin/../lib/gcc/arm-none-eabi/14.3.1/../../../../arm-none-eabi/bin/ld: (_read): Unknown destination type (ARM/Thumb) in /opt/arm-toolchain/gcc/bin/../lib/gcc/arm-none-eabi/14.3.1/../../../../arm-none-eabi/lib/thumb/v7e-m+fp/hard/libc.a(libc_a-readr.o)
readr.c:(.text._read_r+0x14): dangerous relocation: unsupported relocation
/opt/arm-toolchain/gcc/bin/../lib/gcc/arm-none-eabi/14.3.1/../../../../arm-none-eabi/bin/ld: /opt/arm-toolchain/gcc/bin/../lib/gcc/arm-none-eabi/14.3.1/../../../../arm-none-eabi/lib/thumb/v7e-m+fp/hard/libc.a(libc_a-writer.o): in function `_write_r':
writer.c:(.text._write_r+0x14): undefined reference to `_write'
/opt/arm-toolchain/gcc/bin/../lib/gcc/arm-none-eabi/14.3.1/../../../../arm-none-eabi/bin/ld: (_write): Unknown destination type (ARM/Thumb) in /opt/arm-toolchain/gcc/bin/../lib/gcc/arm-none-eabi/14.3.1/../../../../arm-none-eabi/lib/thumb/v7e-m+fp/hard/libc.a(libc_a-writer.o)
writer.c:(.text._write_r+0x14): dangerous relocation: unsupported relocation
/opt/arm-toolchain/gcc/bin/../lib/gcc/arm-none-eabi/14.3.1/../../../../arm-none-eabi/bin/ld: /opt/arm-toolchain/gcc/bin/../lib/gcc/arm-none-eabi/14.3.1/../../../../arm-none-eabi/lib/thumb/v7e-m+fp/hard/libc.a(libc_a-sbrkr.o): in function `_sbrk_r':
sbrkr.c:(.text._sbrk_r+0xc): undefined reference to `_sbrk'
/opt/arm-toolchain/gcc/bin/../lib/gcc/arm-none-eabi/14.3.1/../../../../arm-none-eabi/bin/ld: (_sbrk): Unknown destination type (ARM/Thumb) in /opt/arm-toolchain/gcc/bin/../lib/gcc/arm-none-eabi/14.3.1/../../../../arm-none-eabi/lib/thumb/v7e-m+fp/hard/libc.a(libc_a-sbrkr.o)
sbrkr.c:(.text._sbrk_r+0xc): dangerous relocation: unsupported relocation
collect2: error: ld returned 1 exit status


Compiling the CXX compiler identification source file "CMakeCXXCompilerId.cpp" failed.
Compiler: /opt/arm-toolchain/gcc/bin/arm-none-eabi-g++ 
Build flags: ;-mcpu=cortex-m4;-mfpu=fpv4-sp-d16;-mfloat-abi=hard;;-Wall;-fdata-sections;-ffunction-sections;-mcpu=cortex-m4;-mfpu=fpv4-sp-d16;-mfloat-abi=hard;;-Wall;-fdata-sections;-ffunction-sections;-fno-rtti;-fno-exceptions;-fno-threadsafe-statics
Id flags:  

The output was:
1
/opt/arm-toolchain/gcc/bin/../lib/gcc/arm-none-eabi/14.3.1/../../../../arm-none-eabi/bin/ld: /opt/arm-toolchain/gcc/bin/../lib/gcc/arm-none-eabi/14.3.1/../../../../arm-none-eabi/lib/thumb/v7e-m+fp/hard/libc.a(libc_a-exit.o): in function `exit':
exit.c:(.text.exit+0x14): undefined reference to `_exit'
/opt/arm-toolchain/gcc/bin/../lib/gcc/arm-none-eabi/14.3.1/../../../../arm-none-eabi/bin/ld: (_exit): Unknown destination type (ARM/Thumb) in /opt/arm-toolchain/gcc/bin/../lib/gcc/arm-none-eabi/14.3.1/../../../../arm-none-eabi/lib/thumb/v7e-m+fp/hard/libc.a(libc_a-exit.o)
exit.c:(.text.exit+0x14): dangerous relocation: unsupported relocation
/opt/arm-toolchain/gcc/bin/../lib/gcc/arm-none-eabi/14.3.1/../../../../arm-none-eabi/bin/ld: /opt/arm-toolchain/gcc/bin/../lib/gcc/arm-none-eabi/14.3.1/../../../../arm-none-eabi/lib/thumb/v7e-m+fp/hard/libc.a(libc_a-closer.o): in function `_close_r':
closer.c:(.text._close_r+0xc): undefined reference to `_close'
/opt/arm-toolchain/gcc/bin/../lib/gcc/arm-none-eabi/14.3.1/../../../../arm-none-eabi/bin/ld: (_close): Unknown destination type (ARM/Thumb) in /opt/arm-toolchain/gcc/bin/../lib/gcc/arm-none-eabi/14.3.1/../../../../arm-none-eabi/lib/thumb/v7e-m+fp/hard/libc.a(libc_a-closer.o)
closer.c:(.text._close_r+0xc): dangerous relocation: unsupported relocation
/opt/arm-toolchain/gcc/bin/../lib/gcc/arm-none-eabi/14.3.1/../../../../arm-none-eabi/bin/ld: /opt/arm-toolchain/gcc/bin/../lib/gcc/arm-none-eabi/14.3.1/../../../../arm-none-eabi/lib/thumb/v7e-m+fp/hard/libc.a(libc_a-lseekr.o): in function `_lseek_r':
lseekr.c:(.text._lseek_r+0x14): undefined reference to `_lseek'
/opt/arm-toolchain/gcc/bin/../lib/gcc/arm-none-eabi/14.3.1/../../../../arm-none-eabi/bin/ld: (_lseek): Unknown destination type (ARM/Thumb) in /opt/arm-toolchain/gcc/bin/../lib/gcc/arm-none-eabi/14.3.1/../../../../arm-none-eabi/lib/thumb/v7e-m+fp/hard/libc.a(libc_a-lseekr.o)
lseekr.c:(.text._lseek_r+0x14): dangerous relocation: unsupported relocation
/opt/arm-toolchain/gcc/bin/../lib/gcc/arm-none-eabi/14.3.1/../../../../arm-none-eabi/bin/ld: /opt/arm-toolchain/gcc/bin/../lib/gcc/arm-none-eabi/14.3.1/../../../../arm-none-eabi/lib/thumb/v7e-m+fp/hard/libc.a(libc_a-readr.o): in function `_read_r':
readr.c:(.text._read_r+0x14): undefined reference to `_read'
/opt/arm-toolchain/gcc/bin/../lib/gcc/arm-none-eabi/14.3.1/../../../../arm-none-eabi/bin/ld: (_read): Unknown destination type (ARM/Thumb) in /opt/arm-toolchain/gcc/bin/../lib/gcc/arm-none-eabi/14.3.1/../../../../arm-none-eabi/lib/thumb/v7e-m+fp/hard/libc.a(libc_a-readr.o)
readr.c:(.text._read_r+0x14): dangerous relocation: unsupported relocation
/opt/arm-toolchain/gcc/bin/../lib/gcc/arm-none-eabi/14.3.1/../../../../arm-none-eabi/bin/ld: /opt/arm-toolchain/gcc/bin/../lib/gcc/arm-none-eabi/14.3.1/../../../../arm-none-eabi/lib/thumb/v7e-m+fp/hard/libc.a(libc_a-writer.o): in function `_write_r':
writer.c:(.text._write_r+0x14): undefined reference to `_write'
/opt/arm-toolchain/gcc/bin/../lib/gcc/arm-none-eabi/14.3.1/../../../../arm-none-eabi/bin/ld: (_write): Unknown destination type (ARM/Thumb) in /opt/arm-toolchain/gcc/bin/../lib/gcc/arm-none-eabi/14.3.1/../../../../arm-none-eabi/lib/thumb/v7e-m+fp/hard/libc.a(libc_a-writer.o)
writer.c:(.text._write_r+0x14): dangerous relocation: unsupported relocation
/opt/arm-toolchain/gcc/bin/../lib/gcc/arm-none-eabi/14.3.1/../../../../arm-none-eabi/bin/ld: /opt/arm-toolchain/gcc/bin/../lib/gcc/arm-none-eabi/14.3.1/../../../../arm-none-eabi/lib/thumb/v7e-m+fp/hard/libc.a(libc_a-sbrkr.o): in function `_sbrk_r':
sbrkr.c:(.text._sbrk_r+0xc): undefined reference to `_sbrk'
/opt/arm-toolchain/gcc/bin/../lib/gcc/arm-none-eabi/14.3.1/../../../../arm-none-eabi/bin/ld: (_sbrk): Unknown destination type (ARM/Thumb) in /opt/arm-toolchain/gcc/bin/../lib/gcc/arm-none-eabi/14.3.1/../../../../arm-none-eabi/lib/thumb/v7e-m+fp/hard/libc.a(libc_a-sbrkr.o)
sbrkr.c:(.text._sbrk_r+0xc): dangerous relocation: unsupported relocation
collect2: error: ld returned 1 exit status


